<?xml version="1.0" encoding="UTF-8"?>
<!-- Generated by org.testng.reporters.JUnitReportReporter -->
<testsuite hostname="MADHAN" name="testcases.TestCase_SignUp" tests="1" failures="0" timestamp="26 Apr 2016 13:36:05 GMT" time="28.362" errors="0">
  <testcase name="Alpha_signUp" time="28.362" classname="testcases.TestCase_SignUp"/>
</testsuite> <!-- testcases.TestCase_SignUp -->
